[0.005s] Invoking command in '/home/mobilerobot/franka_ws/src/franka_teleoperation/build/franka_teleoperation': CMAKE_PREFIX_PATH=/opt/ros/humble PS1=\[\e]0;\u@\h: \w\a\]${debian_chroot:+($debian_chroot)}\u@\h:\w\$ /usr/bin/cmake /home/mobilerobot/franka_ws/src/franka_teleoperation -DCMAKE_BUILD_TYPE=Release -DAMENT_CMAKE_SYMLINK_INSTALL=1 -DCMAKE_INSTALL_PREFIX=/home/mobilerobot/franka_ws/src/franka_teleoperation/install/franka_teleoperation
[0.091s] -- The C compiler identification is GNU 11.4.0
[0.187s] -- The CXX compiler identification is GNU 11.4.0
[0.192s] -- Detecting C compiler ABI info
[0.242s] -- Detecting C compiler ABI info - done
[0.246s] -- Check for working C compiler: /usr/bin/cc - skipped
[0.247s] -- Detecting C compile features
[0.247s] -- Detecting C compile features - done
[0.249s] -- Detecting CXX compiler ABI info
[0.314s] -- Detecting CXX compiler ABI info - done
[0.318s] -- Check for working CXX compiler: /usr/bin/c++ - skipped
[0.318s] -- Detecting CXX compile features
[0.319s] -- Detecting CXX compile features - done
[0.322s] -- Found ament_cmake: 1.3.11 (/opt/ros/humble/share/ament_cmake/cmake)
[0.406s] -- Found Python3: /usr/bin/python3 (found version "3.10.12") found components: Interpreter 
[0.445s] -- Override CMake install command with custom implementation using symlinks instead of copying resources
[0.460s] -- Found rclcpp: 16.0.12 (/opt/ros/humble/share/rclcpp/cmake)
[0.484s] -- Found rosidl_generator_c: 3.1.6 (/opt/ros/humble/share/rosidl_generator_c/cmake)
[0.487s] -- Found rosidl_adapter: 3.1.6 (/opt/ros/humble/share/rosidl_adapter/cmake)
[0.492s] -- Found rosidl_generator_cpp: 3.1.6 (/opt/ros/humble/share/rosidl_generator_cpp/cmake)
[0.499s] -- Using all available rosidl_typesupport_c: rosidl_typesupport_fastrtps_c;rosidl_typesupport_introspection_c
[0.508s] -- Using all available rosidl_typesupport_cpp: rosidl_typesupport_fastrtps_cpp;rosidl_typesupport_introspection_cpp
[0.534s] -- Found rmw_implementation_cmake: 6.1.2 (/opt/ros/humble/share/rmw_implementation_cmake/cmake)
[0.535s] -- Found rmw_fastrtps_cpp: 6.2.7 (/opt/ros/humble/share/rmw_fastrtps_cpp/cmake)
[0.584s] -- Found OpenSSL: /usr/lib/x86_64-linux-gnu/libcrypto.so (found version "3.0.2")  
[0.601s] -- Found FastRTPS: /opt/ros/humble/include  
[0.628s] -- Using RMW implementation 'rmw_fastrtps_cpp' as default
[0.633s] -- Looking for pthread.h
[0.694s] -- Looking for pthread.h - found
[0.694s] -- Performing Test CMAKE_HAVE_LIBC_PTHREAD
[0.771s] -- Performing Test CMAKE_HAVE_LIBC_PTHREAD - Success
[0.772s] -- Found Threads: TRUE  
[0.812s] [31mCMake Error at CMakeLists.txt:13 (find_package):
[0.812s]   By not providing "Findfranka_msgs.cmake" in CMAKE_MODULE_PATH this project
[0.812s]   has asked CMake to find a package configuration file provided by
[0.812s]   "franka_msgs", but CMake did not find one.
[0.812s] 
[0.812s]   Could not find a package configuration file provided by "franka_msgs" with
[0.812s]   any of the following names:
[0.812s] 
[0.812s]     franka_msgsConfig.cmake
[0.812s]     franka_msgs-config.cmake
[0.813s] 
[0.813s]   Add the installation prefix of "franka_msgs" to CMAKE_PREFIX_PATH or set
[0.813s]   "franka_msgs_DIR" to a directory containing one of the above files.  If
[0.813s]   "franka_msgs" provides a separate development package or SDK, be sure it
[0.813s]   has been installed.
[0.813s] 
[0.813s] [0m
[0.813s] -- Configuring incomplete, errors occurred!
[0.813s] See also "/home/mobilerobot/franka_ws/src/franka_teleoperation/build/franka_teleoperation/CMakeFiles/CMakeOutput.log".
[0.819s] Invoked command in '/home/mobilerobot/franka_ws/src/franka_teleoperation/build/franka_teleoperation' returned '1': CMAKE_PREFIX_PATH=/opt/ros/humble PS1=\[\e]0;\u@\h: \w\a\]${debian_chroot:+($debian_chroot)}\u@\h:\w\$ /usr/bin/cmake /home/mobilerobot/franka_ws/src/franka_teleoperation -DCMAKE_BUILD_TYPE=Release -DAMENT_CMAKE_SYMLINK_INSTALL=1 -DCMAKE_INSTALL_PREFIX=/home/mobilerobot/franka_ws/src/franka_teleoperation/install/franka_teleoperation
