[0.061s] DEBUG:colcon:Command line arguments: ['/usr/bin/colcon', 'build', '--symlink-install', '--packages-select', 'franka_teleoperation', '--cmake-args', '-DCMAKE_BUILD_TYPE=Release']
[0.061s] DEBUG:colcon:Parsed command line arguments: Namespace(log_base=None, log_level=None, verb_name='build', build_base='build', install_base='install', merge_install=False, symlink_install=True, test_result_base=None, continue_on_error=False, executor='parallel', parallel_workers=20, event_handlers=None, ignore_user_meta=False, metas=['./colcon.meta'], base_paths=['.'], packages_ignore=None, packages_ignore_regex=None, paths=None, packages_up_to=None, packages_up_to_regex=None, packages_above=None, packages_above_and_dependencies=None, packages_above_depth=None, packages_select_by_dep=None, packages_skip_by_dep=None, packages_skip_up_to=None, packages_select_build_failed=False, packages_skip_build_finished=False, packages_select_test_failures=False, packages_skip_test_passed=False, packages_select=['franka_teleoperation'], packages_skip=None, packages_select_regex=None, packages_skip_regex=None, packages_start=None, packages_end=None, allow_overriding=[], cmake_args=['-DCMAKE_BUILD_TYPE=Release'], cmake_target=None, cmake_target_skip_unavailable=False, cmake_clean_cache=False, cmake_clean_first=False, cmake_force_configure=False, ament_cmake_args=None, catkin_cmake_args=None, catkin_skip_building_tests=False, mixin_files=None, mixin=None, verb_parser=<colcon_mixin.mixin.mixin_argument.MixinArgumentDecorator object at 0x7fad258235e0>, verb_extension=<colcon_core.verb.build.BuildVerb object at 0x7fad259d0ac0>, main=<bound method BuildVerb.main of <colcon_core.verb.build.BuildVerb object at 0x7fad259d0ac0>>, mixin_verb=('build',))
[0.145s] Level 1:colcon.colcon_core.package_discovery:discover_packages(colcon_meta) check parameters
[0.145s] Level 1:colcon.colcon_core.package_discovery:discover_packages(recursive) check parameters
[0.145s] Level 1:colcon.colcon_core.package_discovery:discover_packages(ignore) check parameters
[0.145s] Level 1:colcon.colcon_core.package_discovery:discover_packages(path) check parameters
[0.145s] Level 1:colcon.colcon_core.package_discovery:discover_packages(colcon_meta) discover
[0.145s] Level 1:colcon.colcon_core.package_discovery:discover_packages(recursive) discover
[0.145s] INFO:colcon.colcon_core.package_discovery:Crawling recursively for packages in '/home/mobilerobot/franka_ws/src/franka_teleoperation'
[0.145s] Level 1:colcon.colcon_core.package_identification:_identify(.) by extensions ['ignore', 'ignore_ament_install']
[0.145s] Level 1:colcon.colcon_core.package_identification:_identify(.) by extension 'ignore'
[0.145s] Level 1:colcon.colcon_core.package_identification:_identify(.) by extension 'ignore_ament_install'
[0.145s] Level 1:colcon.colcon_core.package_identification:_identify(.) by extensions ['colcon_pkg']
[0.145s] Level 1:colcon.colcon_core.package_identification:_identify(.) by extension 'colcon_pkg'
[0.145s] Level 1:colcon.colcon_core.package_identification:_identify(.) by extensions ['colcon_meta']
[0.145s] Level 1:colcon.colcon_core.package_identification:_identify(.) by extension 'colcon_meta'
[0.145s] Level 1:colcon.colcon_core.package_identification:_identify(.) by extensions ['ros']
[0.145s] Level 1:colcon.colcon_core.package_identification:_identify(.) by extension 'ros'
[0.153s] DEBUG:colcon.colcon_core.package_identification:Package '.' with type 'ros.ament_cmake' and name 'franka_teleoperation'
[0.153s] Level 1:colcon.colcon_core.package_discovery:discover_packages(recursive) using defaults
[0.153s] Level 1:colcon.colcon_core.package_discovery:discover_packages(ignore) discover
[0.153s] Level 1:colcon.colcon_core.package_discovery:discover_packages(ignore) using defaults
[0.153s] Level 1:colcon.colcon_core.package_discovery:discover_packages(path) discover
[0.153s] Level 1:colcon.colcon_core.package_discovery:discover_packages(path) using defaults
[0.163s] Level 1:colcon.colcon_core.package_discovery:discover_packages(prefix_path) check parameters
[0.163s] Level 1:colcon.colcon_core.package_discovery:discover_packages(prefix_path) discover
[0.165s] DEBUG:colcon.colcon_installed_package_information.package_discovery:Found 266 installed packages in /opt/ros/humble
[0.170s] Level 1:colcon.colcon_core.package_discovery:discover_packages(prefix_path) using defaults
[0.185s] Level 5:colcon.colcon_core.verb:set package 'franka_teleoperation' build argument 'cmake_args' from command line to '['-DCMAKE_BUILD_TYPE=Release']'
[0.185s] Level 5:colcon.colcon_core.verb:set package 'franka_teleoperation' build argument 'cmake_target' from command line to 'None'
[0.185s] Level 5:colcon.colcon_core.verb:set package 'franka_teleoperation' build argument 'cmake_target_skip_unavailable' from command line to 'False'
[0.185s] Level 5:colcon.colcon_core.verb:set package 'franka_teleoperation' build argument 'cmake_clean_cache' from command line to 'False'
[0.185s] Level 5:colcon.colcon_core.verb:set package 'franka_teleoperation' build argument 'cmake_clean_first' from command line to 'False'
[0.185s] Level 5:colcon.colcon_core.verb:set package 'franka_teleoperation' build argument 'cmake_force_configure' from command line to 'False'
[0.185s] Level 5:colcon.colcon_core.verb:set package 'franka_teleoperation' build argument 'ament_cmake_args' from command line to 'None'
[0.185s] Level 5:colcon.colcon_core.verb:set package 'franka_teleoperation' build argument 'catkin_cmake_args' from command line to 'None'
[0.185s] Level 5:colcon.colcon_core.verb:set package 'franka_teleoperation' build argument 'catkin_skip_building_tests' from command line to 'False'
[0.185s] DEBUG:colcon.colcon_core.verb:Building package 'franka_teleoperation' with the following arguments: {'ament_cmake_args': None, 'build_base': '/home/mobilerobot/franka_ws/src/franka_teleoperation/build/franka_teleoperation', 'catkin_cmake_args': None, 'catkin_skip_building_tests': False, 'cmake_args': ['-DCMAKE_BUILD_TYPE=Release'], 'cmake_clean_cache': False, 'cmake_clean_first': False, 'cmake_force_configure': False, 'cmake_target': None, 'cmake_target_skip_unavailable': False, 'install_base': '/home/mobilerobot/franka_ws/src/franka_teleoperation/install/franka_teleoperation', 'merge_install': False, 'path': '/home/mobilerobot/franka_ws/src/franka_teleoperation', 'symlink_install': True, 'test_result_base': None}
[0.185s] INFO:colcon.colcon_core.executor:Executing jobs using 'parallel' executor
[0.186s] DEBUG:colcon.colcon_parallel_executor.executor.parallel:run_until_complete
[0.186s] INFO:colcon.colcon_ros.task.ament_cmake.build:Building ROS package in '/home/mobilerobot/franka_ws/src/franka_teleoperation' with build type 'ament_cmake'
[0.186s] INFO:colcon.colcon_cmake.task.cmake.build:Building CMake package in '/home/mobilerobot/franka_ws/src/franka_teleoperation'
[0.188s] INFO:colcon.colcon_core.plugin_system:Skipping extension 'colcon_core.shell.bat': Not used on non-Windows systems
[0.188s] INFO:colcon.colcon_core.shell:Skip shell extension 'powershell' for command environment: Not usable outside of PowerShell
[0.188s] DEBUG:colcon.colcon_core.shell:Skip shell extension 'dsv' for command environment
[0.192s] DEBUG:colcon.colcon_core.event_handler.log_command:Invoking command in '/home/mobilerobot/franka_ws/src/franka_teleoperation/build/franka_teleoperation': CMAKE_PREFIX_PATH=/opt/ros/humble PS1=\[\e]0;\u@\h: \w\a\]${debian_chroot:+($debian_chroot)}\u@\h:\w\$ /usr/bin/cmake /home/mobilerobot/franka_ws/src/franka_teleoperation -DCMAKE_BUILD_TYPE=Release -DAMENT_CMAKE_SYMLINK_INSTALL=1 -DCMAKE_INSTALL_PREFIX=/home/mobilerobot/franka_ws/src/franka_teleoperation/install/franka_teleoperation
[1.005s] DEBUG:colcon.colcon_core.event_handler.log_command:Invoked command in '/home/mobilerobot/franka_ws/src/franka_teleoperation/build/franka_teleoperation' returned '1': CMAKE_PREFIX_PATH=/opt/ros/humble PS1=\[\e]0;\u@\h: \w\a\]${debian_chroot:+($debian_chroot)}\u@\h:\w\$ /usr/bin/cmake /home/mobilerobot/franka_ws/src/franka_teleoperation -DCMAKE_BUILD_TYPE=Release -DAMENT_CMAKE_SYMLINK_INSTALL=1 -DCMAKE_INSTALL_PREFIX=/home/mobilerobot/franka_ws/src/franka_teleoperation/install/franka_teleoperation
[1.012s] Level 1:colcon.colcon_core.environment:create_environment_scripts_only(franka_teleoperation)
[1.014s] Level 1:colcon.colcon_core.environment:checking '/home/mobilerobot/franka_ws/src/franka_teleoperation/install/franka_teleoperation' for CMake module files
[1.014s] Level 1:colcon.colcon_core.environment:checking '/home/mobilerobot/franka_ws/src/franka_teleoperation/install/franka_teleoperation' for CMake config files
[1.014s] Level 1:colcon.colcon_core.environment:checking '/home/mobilerobot/franka_ws/src/franka_teleoperation/install/franka_teleoperation/bin'
[1.014s] Level 1:colcon.colcon_core.environment:checking '/home/mobilerobot/franka_ws/src/franka_teleoperation/install/franka_teleoperation/lib/pkgconfig/franka_teleoperation.pc'
[1.015s] Level 1:colcon.colcon_core.environment:checking '/home/mobilerobot/franka_ws/src/franka_teleoperation/install/franka_teleoperation/lib/python3.10/site-packages'
[1.015s] Level 1:colcon.colcon_core.environment:checking '/home/mobilerobot/franka_ws/src/franka_teleoperation/install/franka_teleoperation/bin'
[1.015s] INFO:colcon.colcon_core.shell:Creating package script '/home/mobilerobot/franka_ws/src/franka_teleoperation/install/franka_teleoperation/share/franka_teleoperation/package.ps1'
[1.015s] INFO:colcon.colcon_core.shell:Creating package descriptor '/home/mobilerobot/franka_ws/src/franka_teleoperation/install/franka_teleoperation/share/franka_teleoperation/package.dsv'
[1.016s] INFO:colcon.colcon_core.shell:Creating package script '/home/mobilerobot/franka_ws/src/franka_teleoperation/install/franka_teleoperation/share/franka_teleoperation/package.sh'
[1.016s] INFO:colcon.colcon_core.shell:Creating package script '/home/mobilerobot/franka_ws/src/franka_teleoperation/install/franka_teleoperation/share/franka_teleoperation/package.bash'
[1.017s] INFO:colcon.colcon_core.shell:Creating package script '/home/mobilerobot/franka_ws/src/franka_teleoperation/install/franka_teleoperation/share/franka_teleoperation/package.zsh'
[1.017s] Level 1:colcon.colcon_core.environment:create_file_with_runtime_dependencies(/home/mobilerobot/franka_ws/src/franka_teleoperation/install/franka_teleoperation/share/colcon-core/packages/franka_teleoperation)
[1.027s] DEBUG:colcon.colcon_parallel_executor.executor.parallel:closing loop
[1.028s] DEBUG:colcon.colcon_parallel_executor.executor.parallel:loop closed
[1.028s] DEBUG:colcon.colcon_parallel_executor.executor.parallel:run_until_complete finished with '1'
[1.028s] DEBUG:colcon.colcon_core.event_reactor:joining thread
[1.034s] INFO:colcon.colcon_core.plugin_system:Skipping extension 'colcon_notification.desktop_notification.terminal_notifier': Not used on non-Darwin systems
[1.034s] INFO:colcon.colcon_core.plugin_system:Skipping extension 'colcon_notification.desktop_notification.win32': Not used on non-Windows systems
[1.034s] INFO:colcon.colcon_notification.desktop_notification:Sending desktop notification using 'notify2'
[1.036s] DEBUG:colcon.colcon_notification.desktop_notification.notify2:Failed to initialize notify2: org.freedesktop.DBus.Error.Spawn.ExecFailed: /usr/bin/dbus-launch terminated abnormally without any error message
[1.036s] DEBUG:colcon.colcon_core.event_reactor:joined thread
[1.037s] INFO:colcon.colcon_core.shell:Creating prefix script '/home/mobilerobot/franka_ws/src/franka_teleoperation/install/local_setup.ps1'
[1.038s] INFO:colcon.colcon_core.shell:Creating prefix util module '/home/mobilerobot/franka_ws/src/franka_teleoperation/install/_local_setup_util_ps1.py'
[1.043s] INFO:colcon.colcon_core.shell:Creating prefix chain script '/home/mobilerobot/franka_ws/src/franka_teleoperation/install/setup.ps1'
[1.046s] INFO:colcon.colcon_core.shell:Creating prefix script '/home/mobilerobot/franka_ws/src/franka_teleoperation/install/local_setup.sh'
[1.049s] INFO:colcon.colcon_core.shell:Creating prefix util module '/home/mobilerobot/franka_ws/src/franka_teleoperation/install/_local_setup_util_sh.py'
[1.051s] INFO:colcon.colcon_core.shell:Creating prefix chain script '/home/mobilerobot/franka_ws/src/franka_teleoperation/install/setup.sh'
[1.055s] INFO:colcon.colcon_core.shell:Creating prefix script '/home/mobilerobot/franka_ws/src/franka_teleoperation/install/local_setup.bash'
[1.058s] INFO:colcon.colcon_core.shell:Creating prefix chain script '/home/mobilerobot/franka_ws/src/franka_teleoperation/install/setup.bash'
[1.062s] INFO:colcon.colcon_core.shell:Creating prefix script '/home/mobilerobot/franka_ws/src/franka_teleoperation/install/local_setup.zsh'
[1.065s] INFO:colcon.colcon_core.shell:Creating prefix chain script '/home/mobilerobot/franka_ws/src/franka_teleoperation/install/setup.zsh'
